kotlin version: 2.0.0
error message: java.lang.NullPointerException: Cannot invoke "java.lang.ThreadLocal.initialValue()" because "this" is null
	at java.base/java.lang.ThreadLocal.setInitialValue(ThreadLocal.java:195)
	at java.base/java.lang.ThreadLocal.get(ThreadLocal.java:172)
	at .markStack(RecursionManager.java:188)
	at org.jetbrains.kotlin.com.intellij.openapi.util.NotNullLazyKey.getValue(NotNullLazyKey.java:23)
	at org.jetbrains.kotlin.com.intellij.psi.search.ProjectScope.getAllScope(ProjectScope.java:38)
	at org.jetbrains.kotlin.com.intellij.psi.search.GlobalSearchScope.allScope(GlobalSearchScope.java:221)
	at org.jetbrains.kotlin.cli.jvm.compiler.KotlinCliJavaFileManagerImpl.<init>(KotlinCliJavaFileManagerImpl.kt:54)
	at org.jetbrains.kotlin.cli.jvm.compiler.KotlinCoreProjectEnvironment.createCoreFileManager(KotlinCoreProjectEnvironment.kt:28)
	at org.jetbrains.kotlin.cli.jvm.compiler.KotlinCoreProjectEnvironment.createCoreFileManager(KotlinCoreProjectEnvironment.kt:24)
	at org.jetbrains.kotlin.com.intellij.core.JavaCoreProjectEnvironment.<init>(JavaCoreProjectEnvironment.java:51)
	at org.jetbrains.kotlin.cli.jvm.compiler.KotlinCoreProjectEnvironment.<init>(KotlinCoreProjectEnvironment.kt:27)
	at org.jetbrains.kotlin.cli.jvm.compiler.KotlinCoreEnvironment$ProjectEnvironment.<init>(KotlinCoreEnvironment.kt:121)
	at org.jetbrains.kotlin.cli.jvm.compiler.KotlinCoreEnvironment$Companion.createForProduction(KotlinCoreEnvironment.kt:454)
	at org.jetbrains.kotlin.cli.jvm.K2JVMCompiler.createCoreEnvironment(K2JVMCompiler.kt:210)
	at org.jetbrains.kotlin.cli.jvm.K2JVMCompiler.doExecute(K2JVMCompiler.kt:161)
	at org.jetbrains.kotlin.cli.jvm.K2JVMCompiler.doExecute(K2JVMCompiler.kt:50)
	at org.jetbrains.kotlin.cli.common.CLICompiler.execImpl(CLICompiler.kt:104)
	at org.jetbrains.kotlin.cli.common.CLICompiler.execImpl(CLICompiler.kt:48)
	at org.jetbrains.kotlin.cli.common.CLITool.exec(CLITool.kt:101)
	at org.jetbrains.kotlin.daemon.CompileServiceImpl.compile(CompileServiceImpl.kt:1556)
	at jdk.internal.reflect.GeneratedMethodAccessor92.invoke(Unknown Source)
	at java.base/jdk.internal.reflect.DelegatingMethodAccessorImpl.invoke(DelegatingMethodAccessorImpl.java:43)
	at java.base/java.lang.reflect.Method.invoke(Method.java:568)
	at java.rmi/sun.rmi.server.UnicastServerRef.dispatch(UnicastServerRef.java:360)
	at java.rmi/sun.rmi.transport.Transport$1.run(Transport.java:200)
	at java.rmi/sun.rmi.transport.Transport$1.run(Transport.java:197)
	at java.base/java.security.AccessController.doPrivileged(AccessController.java:712)
	at java.rmi/sun.rmi.transport.Transport.serviceCall(Transport.java:196)
	at java.rmi/sun.rmi.transport.tcp.TCPTransport.handleMessages(TCPTransport.java:587)
	at java.rmi/sun.rmi.transport.tcp.TCPTransport$ConnectionHandler.run0(TCPTransport.java:828)
	at java.rmi/sun.rmi.transport.tcp.TCPTransport$ConnectionHandler.lambda$run$0(TCPTransport.java:705)
	at java.base/java.security.AccessController.doPrivileged(AccessController.java:399)
	at java.rmi/sun.rmi.transport.tcp.TCPTransport$ConnectionHandler.run(TCPTransport.java:704)
	at java.base/java.util.concurrent.ThreadPoolExecutor.runWorker(ThreadPoolExecutor.java:1136)
	at java.base/java.util.concurrent.ThreadPoolExecutor$Worker.run(ThreadPoolExecutor.java:635)
	at java.base/java.lang.Thread.run(Thread.java:840)


